<?xml version="1.0" encoding="UTF-8"?>
<testsuite xmlns:xsi="http://www.w3.org/2001/XMLSchema-instance" xsi:noNamespaceSchemaLocation="https://maven.apache.org/surefire/maven-surefire-plugin/xsd/surefire-test-report-3.0.xsd" version="3.0" name="com.shipmanagement.ApiTest" time="1.458" tests="5" errors="0" skipped="0" failures="0">
  <properties>
[...]
</properties>
  <testcase name="testGetShips" classname="com.shipmanagement.ApiTest" time="0.12">
    <system-err><![CDATA[[Thread-1] INFO org.eclipse.jetty.util.log - Logging initialized @662ms to org.eclipse.jetty.util.log.Slf4jLog
[Thread-1] INFO spark.embeddedserver.jetty.EmbeddedJettyServer - == Spark has ignited ...
[Thread-1] INFO spark.embeddedserver.jetty.EmbeddedJettyServer - >> Listening on 0.0.0.0:5277
[Thread-1] INFO org.eclipse.jetty.server.Server - jetty-9.4.48.v20220622; built: 2022-06-21T20:42:25.880Z; git: 6b67c5719d1f4371b33655ff2d047d24e171e49a; jvm 21.0.6+7-LTS
[Thread-1] INFO org.eclipse.jetty.server.session - DefaultSessionIdManager workerName=node0
[Thread-1] INFO org.eclipse.jetty.server.session - No SessionScavenger set, using defaults
[Thread-1] INFO org.eclipse.jetty.server.session - node0 Scavenging every 600000ms
[Thread-1] INFO org.eclipse.jetty.server.AbstractConnector - Started ServerConnector@922c002{HTTP/1.1, (http/1.1)}{0.0.0.0:5277}
[Thread-1] INFO org.eclipse.jetty.server.Server - Started @852ms
]]></system-err>
  </testcase>
  <testcase name="testGetShipByInvalidId" classname="com.shipmanagement.ApiTest" time="0.004"/>
  <testcase name="testCreateCargo" classname="com.shipmanagement.ApiTest" time="0.003"/>
  <testcase name="testGetShipById" classname="com.shipmanagement.ApiTest" time="0.002"/>
  <testcase name="testNonExistentEndpoint" classname="com.shipmanagement.ApiTest" time="0.001">
    <system-err><![CDATA[[qtp1335084051-40] INFO spark.http.matching.MatcherFilter - The requested route [/api/non-existent] has not been mapped in Spark for Accept: [*/*]
]]></system-err>
  </testcase>
</testsuite>